2022-12-04 18:55:19,587 - freqtrade.loggers - INFO - Verbosity set to 0
2022-12-04 18:55:19,588 - freqtrade.configuration.configuration - INFO - Runmode set to dry_run.
2022-12-04 18:55:19,588 - freqtrade.configuration.configuration - INFO - Parameter --db-url detected ...
2022-12-04 18:55:19,588 - freqtrade.configuration.configuration - INFO - Dry run is enabled
2022-12-04 18:55:19,589 - freqtrade.configuration.configuration - INFO - Using DB: "sqlite:////freqtrade/user_data/tradesv3.sqlite"
2022-12-04 18:55:19,589 - freqtrade.configuration.configuration - INFO - Using max_open_trades: 5 ...
2022-12-04 18:55:19,603 - freqtrade.configuration.configuration - INFO - Using user-data directory: /freqtrade/user_data ...
2022-12-04 18:55:19,604 - freqtrade.configuration.directory_operations - INFO - Created data directory: None
2022-12-04 18:55:19,604 - freqtrade.configuration.configuration - INFO - Using data directory: /freqtrade/user_data/data/binanceus ...
2022-12-04 18:55:19,606 - freqtrade.exchange.check_exchange - INFO - Checking exchange...
2022-12-04 18:55:19,623 - freqtrade.exchange.check_exchange - INFO - Exchange "binanceus" is officially supported by the Freqtrade development team.
2022-12-04 18:55:19,624 - freqtrade.configuration.configuration - INFO - Using pairlist from configuration.
2022-12-04 18:55:19,665 - freqtrade.resolvers.iresolver - INFO - Using resolved strategy SampleStrategy from '/freqtrade/user_data/strategies/sample_strategy.py'...
2022-12-04 18:55:19,665 - freqtrade.strategy.hyper - INFO - Found no parameter file.
2022-12-04 18:55:19,666 - freqtrade.resolvers.strategy_resolver - INFO - Override strategy 'stake_currency' with value in config file: USDT.
2022-12-04 18:55:19,666 - freqtrade.resolvers.strategy_resolver - INFO - Override strategy 'stake_amount' with value in config file: 100.
2022-12-04 18:55:19,667 - freqtrade.resolvers.strategy_resolver - INFO - Override strategy 'unfilledtimeout' with value in config file: {'entry': 10, 'exit': 10, 'exit_timeout_count': 0, 'unit': 'minutes'}.
2022-12-04 18:55:19,667 - freqtrade.resolvers.strategy_resolver - INFO - Strategy using minimal_roi: {'60': 0.01, '30': 0.02, '0': 0.04}
2022-12-04 18:55:19,667 - freqtrade.resolvers.strategy_resolver - INFO - Strategy using timeframe: 5m
2022-12-04 18:55:19,668 - freqtrade.resolvers.strategy_resolver - INFO - Strategy using stoploss: -0.1
2022-12-04 18:55:19,668 - freqtrade.resolvers.strategy_resolver - INFO - Strategy using trailing_stop: False
2022-12-04 18:55:19,668 - freqtrade.resolvers.strategy_resolver - INFO - Strategy using trailing_stop_positive_offset: 0.0
2022-12-04 18:55:19,669 - freqtrade.resolvers.strategy_resolver - INFO - Strategy using trailing_only_offset_is_reached: False
2022-12-04 18:55:19,669 - freqtrade.resolvers.strategy_resolver - INFO - Strategy using use_custom_stoploss: False
2022-12-04 18:55:19,669 - freqtrade.resolvers.strategy_resolver - INFO - Strategy using process_only_new_candles: True
2022-12-04 18:55:19,670 - freqtrade.resolvers.strategy_resolver - INFO - Strategy using order_types: {'entry': 'limit', 'exit': 'limit', 'stoploss': 'market', 'stoploss_on_exchange': False}
2022-12-04 18:55:19,670 - freqtrade.resolvers.strategy_resolver - INFO - Strategy using order_time_in_force: {'entry': 'GTC', 'exit': 'GTC'}
2022-12-04 18:55:19,670 - freqtrade.resolvers.strategy_resolver - INFO - Strategy using stake_currency: USDT
2022-12-04 18:55:19,671 - freqtrade.resolvers.strategy_resolver - INFO - Strategy using stake_amount: 100
2022-12-04 18:55:19,671 - freqtrade.resolvers.strategy_resolver - INFO - Strategy using protections: []
2022-12-04 18:55:19,671 - freqtrade.resolvers.strategy_resolver - INFO - Strategy using startup_candle_count: 30
2022-12-04 18:55:19,672 - freqtrade.resolvers.strategy_resolver - INFO - Strategy using unfilledtimeout: {'entry': 10, 'exit': 10, 'exit_timeout_count': 0, 'unit': 'minutes'}
2022-12-04 18:55:19,672 - freqtrade.resolvers.strategy_resolver - INFO - Strategy using use_exit_signal: True
2022-12-04 18:55:19,672 - freqtrade.resolvers.strategy_resolver - INFO - Strategy using exit_profit_only: False
2022-12-04 18:55:19,672 - freqtrade.resolvers.strategy_resolver - INFO - Strategy using ignore_roi_if_entry_signal: False
2022-12-04 18:55:19,673 - freqtrade.resolvers.strategy_resolver - INFO - Strategy using exit_profit_offset: 0.0
2022-12-04 18:55:19,673 - freqtrade.resolvers.strategy_resolver - INFO - Strategy using disable_dataframe_checks: False
2022-12-04 18:55:19,673 - freqtrade.resolvers.strategy_resolver - INFO - Strategy using ignore_buying_expired_candle_after: 0
2022-12-04 18:55:19,674 - freqtrade.resolvers.strategy_resolver - INFO - Strategy using position_adjustment_enable: False
2022-12-04 18:55:19,674 - freqtrade.resolvers.strategy_resolver - INFO - Strategy using max_entry_position_adjustment: -1
2022-12-04 18:55:19,674 - freqtrade.configuration.config_validation - INFO - Validating configuration ...
2022-12-04 18:55:19,681 - freqtrade.exchange.exchange - INFO - Instance is running with dry_run enabled
2022-12-04 18:55:19,681 - freqtrade.exchange.exchange - INFO - Using CCXT 2.1.96
2022-12-04 18:55:19,714 - freqtrade.exchange.exchange - INFO - Using Exchange "Binance US"
2022-12-04 18:55:21,650 - freqtrade.resolvers.exchange_resolver - INFO - Using resolved exchange 'Binance'...
2022-12-04 18:55:21,757 - freqtrade.wallets - INFO - Wallets synced.
2022-12-04 18:55:21,772 - freqtrade.resolvers.iresolver - INFO - Using resolved pairlist VolumePairList from '/freqtrade/freqtrade/plugins/pairlist/VolumePairList.py'...
2022-12-04 18:55:21,871 - freqtrade.rpc.rpc_manager - INFO - Enabling rpc.api_server
2022-12-04 18:55:22,492 - freqtrade.rpc.api_server.webserver - INFO - Starting HTTP Server at 0.0.0.0:8080
2022-12-04 18:55:22,492 - freqtrade.rpc.api_server.webserver - WARNING - SECURITY WARNING - Local Rest Server listening to external connections
2022-12-04 18:55:22,493 - freqtrade.rpc.api_server.webserver - WARNING - SECURITY WARNING - This is insecure please set to your loopback,e.g 127.0.0.1 in config.json
2022-12-04 18:55:22,493 - freqtrade.rpc.api_server.webserver - INFO - Starting Local Rest Server.
2022-12-04 18:55:22,633 - uvicorn.error - INFO - Started server process [1]
2022-12-04 18:55:22,634 - uvicorn.error - INFO - Waiting for application startup.
2022-12-04 18:55:22,635 - uvicorn.error - INFO - Application startup complete.
2022-12-04 18:55:22,635 - uvicorn.error - INFO - Uvicorn running on http://0.0.0.0:8080 (Press CTRL+C to quit)
2022-12-04 18:55:22,646 - freqtrade.resolvers.iresolver - INFO - Using resolved pairlist VolumePairList from '/freqtrade/freqtrade/plugins/pairlist/VolumePairList.py'...
2022-12-04 18:55:23,075 - VolumePairList - INFO - Pair BNB/USDT in your blacklist. Removing it from whitelist...
2022-12-04 18:55:23,079 - freqtrade.plugins.pairlistmanager - INFO - Whitelist with 20 pairs: ['BTC/USDT', 'DOGE/USDT', 'ETH/USDT', 'SHIB/USDT', 'ADA/USDT', 'DOT/USDT', 'SOL/USDT', 'FTM/USDT', 'AVAX/USDT', 'ANT/USDT', 'MATIC/USDT', 'LTC/USDT', 'VET/USDT', 'USDC/USDT', 'UNI/USDT', 'LINK/USDT', 'ATOM/USDT', 'NEAR/USDT', 'APE/USDT', 'BUSD/USDT']
2022-12-04 18:55:23,080 - freqtrade.strategy.hyper - INFO - No params for buy found, using default values.
2022-12-04 18:55:23,081 - freqtrade.strategy.hyper - INFO - Strategy Parameter(default): buy_rsi = 30
2022-12-04 18:55:23,082 - freqtrade.strategy.hyper - INFO - Strategy Parameter(default): exit_short_rsi = 30
2022-12-04 18:55:23,082 - freqtrade.strategy.hyper - INFO - No params for sell found, using default values.
2022-12-04 18:55:23,083 - freqtrade.strategy.hyper - INFO - Strategy Parameter(default): sell_rsi = 70
2022-12-04 18:55:23,083 - freqtrade.strategy.hyper - INFO - Strategy Parameter(default): short_rsi = 70
2022-12-04 18:55:23,083 - freqtrade.strategy.hyper - INFO - No params for protection found, using default values.
2022-12-04 18:55:23,084 - freqtrade.plugins.protectionmanager - INFO - No protection Handlers defined.
2022-12-04 18:55:23,084 - freqtrade.rpc.rpc_manager - INFO - Sending rpc message: {'type': status, 'status': 'running'}
2022-12-04 18:55:23,085 - freqtrade.worker - INFO - Changing state to: RUNNING
2022-12-04 18:55:23,085 - freqtrade.rpc.rpc_manager - INFO - Sending rpc message: {'type': warning, 'status': 'Dry run is enabled. All trades are simulated.'}
2022-12-04 18:55:23,086 - freqtrade.rpc.rpc_manager - INFO - Sending rpc message: {'type': startup, 'status': "*Exchange:* `binanceus`\n*Stake per trade:* `100 USDT`\n*Minimum ROI:* `{'60': 0.01, '30': 0.02, '0': 0.04}`\n*Stoploss:* `-0.1`\n*Position adjustment:* `Off`\n*Timeframe:* `5m`\n*Strategy:* `SampleStrategy`"}
2022-12-04 18:55:23,087 - freqtrade.rpc.rpc_manager - INFO - Sending rpc message: {'type': startup, 'status': "Searching for USDT pairs to buy and sell based on [{'VolumePairList': 'VolumePairList - top 20 volume pairs.'}]"}
2022-12-04 18:55:28,095 - freqtrade.worker - INFO - Bot heartbeat. PID=1, version='2022.11', state='RUNNING'
2022-12-04 18:59:54,449 - freqtrade.loggers - INFO - Verbosity set to 0
2022-12-04 18:59:54,449 - freqtrade.configuration.configuration - INFO - Runmode set to dry_run.
2022-12-04 18:59:54,450 - freqtrade.configuration.configuration - INFO - Parameter --db-url detected ...
2022-12-04 18:59:54,450 - freqtrade.configuration.configuration - INFO - Dry run is enabled
2022-12-04 18:59:54,451 - freqtrade.configuration.configuration - INFO - Using DB: "sqlite:////freqtrade/user_data/tradesv3.sqlite"
2022-12-04 18:59:54,451 - freqtrade.configuration.configuration - INFO - Using max_open_trades: 5 ...
2022-12-04 18:59:54,467 - freqtrade.configuration.configuration - INFO - Using user-data directory: /freqtrade/user_data ...
2022-12-04 18:59:54,468 - freqtrade.configuration.configuration - INFO - Using data directory: /freqtrade/user_data/data/binanceus ...
2022-12-04 18:59:54,469 - freqtrade.exchange.check_exchange - INFO - Checking exchange...
2022-12-04 18:59:54,487 - freqtrade.exchange.check_exchange - INFO - Exchange "binanceus" is officially supported by the Freqtrade development team.
2022-12-04 18:59:54,487 - freqtrade.configuration.configuration - INFO - Using pairlist from configuration.
2022-12-04 18:59:54,514 - freqtrade.resolvers.iresolver - INFO - Using resolved strategy SampleStrategy from '/freqtrade/user_data/strategies/sample_strategy.py'...
2022-12-04 18:59:54,515 - freqtrade.strategy.hyper - INFO - Found no parameter file.
2022-12-04 18:59:54,515 - freqtrade.resolvers.strategy_resolver - INFO - Override strategy 'stake_currency' with value in config file: USDT.
2022-12-04 18:59:54,516 - freqtrade.resolvers.strategy_resolver - INFO - Override strategy 'stake_amount' with value in config file: 100.
2022-12-04 18:59:54,516 - freqtrade.resolvers.strategy_resolver - INFO - Override strategy 'unfilledtimeout' with value in config file: {'entry': 10, 'exit': 10, 'exit_timeout_count': 0, 'unit': 'minutes'}.
2022-12-04 18:59:54,517 - freqtrade.resolvers.strategy_resolver - INFO - Strategy using minimal_roi: {'60': 0.01, '30': 0.02, '0': 0.04}
2022-12-04 18:59:54,517 - freqtrade.resolvers.strategy_resolver - INFO - Strategy using timeframe: 5m
2022-12-04 18:59:54,517 - freqtrade.resolvers.strategy_resolver - INFO - Strategy using stoploss: -0.1
2022-12-04 18:59:54,517 - freqtrade.resolvers.strategy_resolver - INFO - Strategy using trailing_stop: False
2022-12-04 18:59:54,518 - freqtrade.resolvers.strategy_resolver - INFO - Strategy using trailing_stop_positive_offset: 0.0
2022-12-04 18:59:54,518 - freqtrade.resolvers.strategy_resolver - INFO - Strategy using trailing_only_offset_is_reached: False
2022-12-04 18:59:54,518 - freqtrade.resolvers.strategy_resolver - INFO - Strategy using use_custom_stoploss: False
2022-12-04 18:59:54,519 - freqtrade.resolvers.strategy_resolver - INFO - Strategy using process_only_new_candles: True
2022-12-04 18:59:54,519 - freqtrade.resolvers.strategy_resolver - INFO - Strategy using order_types: {'entry': 'limit', 'exit': 'limit', 'stoploss': 'market', 'stoploss_on_exchange': False}
2022-12-04 18:59:54,520 - freqtrade.resolvers.strategy_resolver - INFO - Strategy using order_time_in_force: {'entry': 'GTC', 'exit': 'GTC'}
2022-12-04 18:59:54,520 - freqtrade.resolvers.strategy_resolver - INFO - Strategy using stake_currency: USDT
2022-12-04 18:59:54,521 - freqtrade.resolvers.strategy_resolver - INFO - Strategy using stake_amount: 100
2022-12-04 18:59:54,521 - freqtrade.resolvers.strategy_resolver - INFO - Strategy using protections: []
2022-12-04 18:59:54,521 - freqtrade.resolvers.strategy_resolver - INFO - Strategy using startup_candle_count: 30
2022-12-04 18:59:54,522 - freqtrade.resolvers.strategy_resolver - INFO - Strategy using unfilledtimeout: {'entry': 10, 'exit': 10, 'exit_timeout_count': 0, 'unit': 'minutes'}
2022-12-04 18:59:54,522 - freqtrade.resolvers.strategy_resolver - INFO - Strategy using use_exit_signal: True
2022-12-04 18:59:54,522 - freqtrade.resolvers.strategy_resolver - INFO - Strategy using exit_profit_only: False
2022-12-04 18:59:54,523 - freqtrade.resolvers.strategy_resolver - INFO - Strategy using ignore_roi_if_entry_signal: False
2022-12-04 18:59:54,523 - freqtrade.resolvers.strategy_resolver - INFO - Strategy using exit_profit_offset: 0.0
2022-12-04 18:59:54,523 - freqtrade.resolvers.strategy_resolver - INFO - Strategy using disable_dataframe_checks: False
2022-12-04 18:59:54,523 - freqtrade.resolvers.strategy_resolver - INFO - Strategy using ignore_buying_expired_candle_after: 0
2022-12-04 18:59:54,524 - freqtrade.resolvers.strategy_resolver - INFO - Strategy using position_adjustment_enable: False
2022-12-04 18:59:54,524 - freqtrade.resolvers.strategy_resolver - INFO - Strategy using max_entry_position_adjustment: -1
2022-12-04 18:59:54,524 - freqtrade.configuration.config_validation - INFO - Validating configuration ...
2022-12-04 18:59:54,530 - freqtrade.exchange.exchange - INFO - Instance is running with dry_run enabled
2022-12-04 18:59:54,530 - freqtrade.exchange.exchange - INFO - Using CCXT 2.1.96
2022-12-04 18:59:54,563 - freqtrade.exchange.exchange - INFO - Using Exchange "Binance US"
2022-12-04 18:59:56,477 - freqtrade.resolvers.exchange_resolver - INFO - Using resolved exchange 'Binance'...
2022-12-04 18:59:56,535 - freqtrade.wallets - INFO - Wallets synced.
2022-12-04 18:59:56,547 - freqtrade.resolvers.iresolver - INFO - Using resolved pairlist VolumePairList from '/freqtrade/freqtrade/plugins/pairlist/VolumePairList.py'...
2022-12-04 18:59:56,625 - freqtrade.rpc.rpc_manager - INFO - Enabling rpc.api_server
2022-12-04 18:59:57,222 - freqtrade.rpc.api_server.webserver - INFO - Starting HTTP Server at 0.0.0.0:8080
2022-12-04 18:59:57,222 - freqtrade.rpc.api_server.webserver - WARNING - SECURITY WARNING - Local Rest Server listening to external connections
2022-12-04 18:59:57,223 - freqtrade.rpc.api_server.webserver - WARNING - SECURITY WARNING - This is insecure please set to your loopback,e.g 127.0.0.1 in config.json
2022-12-04 18:59:57,223 - freqtrade.rpc.api_server.webserver - INFO - Starting Local Rest Server.
2022-12-04 18:59:57,356 - uvicorn.error - INFO - Started server process [1]
2022-12-04 18:59:57,357 - uvicorn.error - INFO - Waiting for application startup.
2022-12-04 18:59:57,357 - uvicorn.error - INFO - Application startup complete.
2022-12-04 18:59:57,358 - uvicorn.error - INFO - Uvicorn running on http://0.0.0.0:8080 (Press CTRL+C to quit)
2022-12-04 18:59:57,369 - freqtrade.resolvers.iresolver - INFO - Using resolved pairlist VolumePairList from '/freqtrade/freqtrade/plugins/pairlist/VolumePairList.py'...
2022-12-04 18:59:57,782 - VolumePairList - INFO - Pair BNB/USDT in your blacklist. Removing it from whitelist...
2022-12-04 18:59:57,786 - freqtrade.plugins.pairlistmanager - INFO - Whitelist with 20 pairs: ['BTC/USDT', 'DOGE/USDT', 'ETH/USDT', 'SHIB/USDT', 'ADA/USDT', 'DOT/USDT', 'SOL/USDT', 'FTM/USDT', 'AVAX/USDT', 'ANT/USDT', 'MATIC/USDT', 'LTC/USDT', 'VET/USDT', 'USDC/USDT', 'UNI/USDT', 'LINK/USDT', 'ATOM/USDT', 'NEAR/USDT', 'APE/USDT', 'BUSD/USDT']
2022-12-04 18:59:57,787 - freqtrade.strategy.hyper - INFO - No params for buy found, using default values.
2022-12-04 18:59:57,787 - freqtrade.strategy.hyper - INFO - Strategy Parameter(default): buy_rsi = 30
2022-12-04 18:59:57,788 - freqtrade.strategy.hyper - INFO - Strategy Parameter(default): exit_short_rsi = 30
2022-12-04 18:59:57,788 - freqtrade.strategy.hyper - INFO - No params for sell found, using default values.
2022-12-04 18:59:57,789 - freqtrade.strategy.hyper - INFO - Strategy Parameter(default): sell_rsi = 70
2022-12-04 18:59:57,789 - freqtrade.strategy.hyper - INFO - Strategy Parameter(default): short_rsi = 70
2022-12-04 18:59:57,790 - freqtrade.strategy.hyper - INFO - No params for protection found, using default values.
2022-12-04 18:59:57,790 - freqtrade.plugins.protectionmanager - INFO - No protection Handlers defined.
2022-12-04 18:59:57,791 - freqtrade.rpc.rpc_manager - INFO - Sending rpc message: {'type': status, 'status': 'running'}
2022-12-04 18:59:57,791 - freqtrade.worker - INFO - Changing state to: RUNNING
2022-12-04 18:59:57,792 - freqtrade.rpc.rpc_manager - INFO - Sending rpc message: {'type': warning, 'status': 'Dry run is enabled. All trades are simulated.'}
2022-12-04 18:59:57,792 - freqtrade.rpc.rpc_manager - INFO - Sending rpc message: {'type': startup, 'status': "*Exchange:* `binanceus`\n*Stake per trade:* `100 USDT`\n*Minimum ROI:* `{'60': 0.01, '30': 0.02, '0': 0.04}`\n*Stoploss:* `-0.1`\n*Position adjustment:* `Off`\n*Timeframe:* `5m`\n*Strategy:* `SampleStrategy`"}
2022-12-04 18:59:57,793 - freqtrade.rpc.rpc_manager - INFO - Sending rpc message: {'type': startup, 'status': "Searching for USDT pairs to buy and sell based on [{'VolumePairList': 'VolumePairList - top 20 volume pairs.'}]"}
2022-12-04 19:00:02,801 - freqtrade.worker - INFO - Bot heartbeat. PID=1, version='2022.11', state='RUNNING'
2022-12-04 19:01:02,855 - freqtrade.worker - INFO - Bot heartbeat. PID=1, version='2022.11', state='RUNNING'
2022-12-04 19:02:02,918 - freqtrade.worker - INFO - Bot heartbeat. PID=1, version='2022.11', state='RUNNING'
2022-12-04 19:03:02,971 - freqtrade.worker - INFO - Bot heartbeat. PID=1, version='2022.11', state='RUNNING'
2022-12-04 19:04:03,023 - freqtrade.worker - INFO - Bot heartbeat. PID=1, version='2022.11', state='RUNNING'
2022-12-04 19:05:06,003 - freqtrade.worker - INFO - Bot heartbeat. PID=1, version='2022.11', state='RUNNING'
2022-12-04 19:06:06,063 - freqtrade.worker - INFO - Bot heartbeat. PID=1, version='2022.11', state='RUNNING'
2022-12-04 19:07:06,120 - freqtrade.worker - INFO - Bot heartbeat. PID=1, version='2022.11', state='RUNNING'
2022-12-04 19:08:06,179 - freqtrade.worker - INFO - Bot heartbeat. PID=1, version='2022.11', state='RUNNING'
2022-12-04 19:09:06,233 - freqtrade.worker - INFO - Bot heartbeat. PID=1, version='2022.11', state='RUNNING'
2022-12-04 19:10:11,012 - freqtrade.worker - INFO - Bot heartbeat. PID=1, version='2022.11', state='RUNNING'
2022-12-04 19:11:11,067 - freqtrade.worker - INFO - Bot heartbeat. PID=1, version='2022.11', state='RUNNING'
2022-12-04 19:12:11,125 - freqtrade.worker - INFO - Bot heartbeat. PID=1, version='2022.11', state='RUNNING'
2022-12-04 19:13:11,184 - freqtrade.worker - INFO - Bot heartbeat. PID=1, version='2022.11', state='RUNNING'
2022-12-04 19:14:11,246 - freqtrade.worker - INFO - Bot heartbeat. PID=1, version='2022.11', state='RUNNING'
2022-12-04 19:15:16,016 - freqtrade.worker - INFO - Bot heartbeat. PID=1, version='2022.11', state='RUNNING'
2022-12-04 19:16:16,062 - freqtrade.worker - INFO - Bot heartbeat. PID=1, version='2022.11', state='RUNNING'
2022-12-04 19:17:16,123 - freqtrade.worker - INFO - Bot heartbeat. PID=1, version='2022.11', state='RUNNING'
2022-12-04 19:18:16,184 - freqtrade.worker - INFO - Bot heartbeat. PID=1, version='2022.11', state='RUNNING'
2022-12-04 19:19:16,234 - freqtrade.worker - INFO - Bot heartbeat. PID=1, version='2022.11', state='RUNNING'
